<?xml version="1.0" encoding="UTF-8"?>
<testng-results skipped="0" failed="0" ignored="0" total="1" passed="1">
  <reporter-output>
  </reporter-output>
  <suite name="Default suite" duration-ms="236619" started-at="2019-08-03T11:42:12Z" finished-at="2019-08-03T11:46:08Z">
    <groups>
    </groups>
    <test name="Default test" duration-ms="236619" started-at="2019-08-03T11:42:12Z" finished-at="2019-08-03T11:46:08Z">
      <class name="com.appium.scripts.SK_IA_CreateAccount">
        <test-method status="PASS" signature="launchApp()[pri:0, instance:com.appium.scripts.SK_IA_CreateAccount@2d8f65a4]" name="launchApp" is-config="true" duration-ms="36606" started-at="2019-08-03T11:42:12Z" finished-at="2019-08-03T11:42:48Z">
          <reporter-output>
          </reporter-output>
        </test-method> <!-- launchApp -->
        <test-method status="PASS" signature="pageTitle()[pri:0, instance:com.appium.scripts.SK_IA_CreateAccount@2d8f65a4]" name="pageTitle" is-config="true" duration-ms="2457" started-at="2019-08-03T11:42:48Z" finished-at="2019-08-03T11:42:51Z">
          <reporter-output>
          </reporter-output>
        </test-method> <!-- pageTitle -->
        <test-method status="PASS" signature="createAccount()[pri:1, instance:com.appium.scripts.SK_IA_CreateAccount@2d8f65a4]" name="createAccount" duration-ms="190505" started-at="2019-08-03T11:42:51Z" finished-at="2019-08-03T11:46:01Z">
          <reporter-output>
          </reporter-output>
        </test-method> <!-- createAccount -->
        <test-method status="PASS" signature="logOutApp()[pri:0, instance:com.appium.scripts.SK_IA_CreateAccount@2d8f65a4]" name="logOutApp" is-config="true" duration-ms="6999" started-at="2019-08-03T11:46:01Z" finished-at="2019-08-03T11:46:08Z">
          <reporter-output>
          </reporter-output>
        </test-method> <!-- logOutApp -->
      </class> <!-- com.appium.scripts.SK_IA_CreateAccount -->
    </test> <!-- Default test -->
  </suite> <!-- Default suite -->
</testng-results>
