<?xml version="1.0" encoding="UTF-8"?>
<testng-results skipped="0" failed="0" ignored="0" total="1" passed="1">
  <reporter-output>
  </reporter-output>
  <suite name="Default suite" duration-ms="30526" started-at="2019-08-01T12:36:39Z" finished-at="2019-08-01T12:37:10Z">
    <groups>
    </groups>
    <test name="Default test" duration-ms="30526" started-at="2019-08-01T12:36:39Z" finished-at="2019-08-01T12:37:10Z">
      <class name="com.appium.scripts.SK_LoginInstalledApp">
        <test-method status="PASS" signature="launchApp()[pri:0, instance:com.appium.scripts.SK_LoginInstalledApp@5e853265]" name="launchApp" duration-ms="30441" started-at="2019-08-01T12:36:39Z" finished-at="2019-08-01T12:37:10Z">
          <reporter-output>
          </reporter-output>
        </test-method> <!-- launchApp -->
      </class> <!-- com.appium.scripts.SK_LoginInstalledApp -->
    </test> <!-- Default test -->
  </suite> <!-- Default suite -->
</testng-results>
