<?xml version="1.0" encoding="UTF-8"?>
<testng-results skipped="0" failed="0" ignored="0" total="1" passed="1">
  <reporter-output>
  </reporter-output>
  <suite name="Default suite" duration-ms="16841" started-at="2018-10-10T07:22:26Z" finished-at="2018-10-10T07:22:43Z">
    <groups>
    </groups>
    <test name="Default test" duration-ms="16841" started-at="2018-10-10T07:22:26Z" finished-at="2018-10-10T07:22:43Z">
      <class name="org.teachermatch.login.LoginIT">
        <test-method status="PASS" signature="beforeMethod()[pri:0, instance:org.teachermatch.login.LoginIT@210366b4]" name="beforeMethod" is-config="true" duration-ms="10425" started-at="2018-10-10T07:22:26Z" finished-at="2018-10-10T07:22:36Z">
          <reporter-output>
          </reporter-output>
        </test-method> <!-- beforeMethod -->
        <test-method status="PASS" signature="checkForInvalidEmailValidation()[pri:0, instance:org.teachermatch.login.LoginIT@210366b4]" name="checkForInvalidEmailValidation" duration-ms="6390" started-at="2018-10-10T07:22:36Z" finished-at="2018-10-10T07:22:43Z">
          <reporter-output>
          </reporter-output>
        </test-method> <!-- checkForInvalidEmailValidation -->
        <test-method status="PASS" signature="afterMethod()[pri:0, instance:org.teachermatch.login.LoginIT@210366b4]" name="afterMethod" is-config="true" duration-ms="0" started-at="2018-10-10T07:22:43Z" finished-at="2018-10-10T07:22:43Z">
          <reporter-output>
          </reporter-output>
        </test-method> <!-- afterMethod -->
      </class> <!-- org.teachermatch.login.LoginIT -->
    </test> <!-- Default test -->
  </suite> <!-- Default suite -->
</testng-results>
