<?xml version="1.0" encoding="UTF-8"?>
<!-- Generated by org.testng.reporters.JUnitXMLReporter -->
<testsuite hostname="Chandan" ignored="0" name="Default test" tests="3" failures="0" timestamp="23 Jul 2019 09:01:49 GMT" time="53.967" errors="0">
  <testcase name="TestHomePageTitle" time="0.107" classname="com.TestNGScript.file.HomeAmazon"/>
  <testcase name="TestAmazonLogo" time="4.232" classname="com.TestNGScript.file.HomeAmazon"/>
  <testcase name="TestAmazonSell" time="11.125" classname="com.TestNGScript.file.HomeAmazon"/>
</testsuite> <!-- Default test -->
