<?xml version="1.0" encoding="UTF-8"?>
<testng-results skipped="0" failed="0" ignored="0" total="1" passed="1">
  <reporter-output>
  </reporter-output>
  <suite name="Default suite" duration-ms="40312" started-at="2019-07-27T11:47:43Z" finished-at="2019-07-27T11:48:23Z">
    <groups>
    </groups>
    <test name="Default test" duration-ms="40312" started-at="2019-07-27T11:47:43Z" finished-at="2019-07-27T11:48:23Z">
      <class name="com.TestNGScript.file.SafetyKuvrrOpenIncident">
        <test-method status="PASS" signature="launchSKApp()[pri:0, instance:com.TestNGScript.file.SafetyKuvrrOpenIncident@7ba18f1b]" name="launchSKApp" is-config="true" duration-ms="24330" started-at="2019-07-27T11:47:43Z" finished-at="2019-07-27T11:48:07Z">
          <reporter-output>
          </reporter-output>
        </test-method> <!-- launchSKApp -->
        <test-method status="PASS" signature="launchSafetyApp()[pri:1, instance:com.TestNGScript.file.SafetyKuvrrOpenIncident@7ba18f1b]" name="launchSafetyApp" duration-ms="15945" started-at="2019-07-27T11:48:07Z" finished-at="2019-07-27T11:48:23Z">
          <reporter-output>
          </reporter-output>
        </test-method> <!-- launchSafetyApp -->
      </class> <!-- com.TestNGScript.file.SafetyKuvrrOpenIncident -->
    </test> <!-- Default test -->
  </suite> <!-- Default suite -->
</testng-results>
