<?xml version="1.0" encoding="UTF-8"?>
<!-- Generated by org.testng.reporters.JUnitXMLReporter -->
<testsuite hostname="Chandan" ignored="0" name="Test" tests="3" failures="0" timestamp="26 Jul 2019 09:03:02 GMT" time="43.18" errors="0">
  <testcase name="@BeforeMethod launchSK" time="26.665" classname="com.TestNGScript.file.LoginSafetyKuvrr">
    <failure type="java.io.FileNotFoundException" message="C:\Users\Chandan\git\SeleniumMaven7th-Feb\InputExcelData\TestData.xlsx (The system cannot find the path specified)">
      <![CDATA[java.io.FileNotFoundException: C:\Users\Chandan\git\SeleniumMaven7th-Feb\InputExcelData\TestData.xlsx (The system cannot find the path specified)
at java.io.FileInputStream.open0(Native Method)
at java.io.FileInputStream.open(FileInputStream.java:195)
at java.io.FileInputStream.<init>(FileInputStream.java:138)
at com.Commonutills.file.Read_Write_Excel.appURL(Read_Write_Excel.java:22)
at com.TestNGScript.file.LoginSafetyKuvrr.launchSK(LoginSafetyKuvrr.java:25)
at java.util.concurrent.ThreadPoolExecutor.runWorker(ThreadPoolExecutor.java:1149)
at java.util.concurrent.ThreadPoolExecutor$Worker.run(ThreadPoolExecutor.java:624)
at java.lang.Thread.run(Thread.java:748)
... Removed 13 stack frames]]>
    </failure>
  </testcase> <!-- @BeforeMethod launchSK -->
  <testcase name="@AfterMethod closeBrowser" time="0.0" classname="com.TestNGScript.file.LoginSafetyKuvrr">
    <skipped/>
  </testcase> <!-- @AfterMethod closeBrowser -->
  <testcase name="@BeforeMethod launchApp" time="15.183" classname="com.TestNGScript.file.SafetyKuvrrHomePageMenu">
    <failure type="java.io.FileNotFoundException" message="C:\Users\Chandan\git\SeleniumMaven7th-Feb\InputExcelData\TestData.xlsx (The system cannot find the path specified)">
      <![CDATA[java.io.FileNotFoundException: C:\Users\Chandan\git\SeleniumMaven7th-Feb\InputExcelData\TestData.xlsx (The system cannot find the path specified)
at java.io.FileInputStream.open0(Native Method)
at java.io.FileInputStream.open(FileInputStream.java:195)
at java.io.FileInputStream.<init>(FileInputStream.java:138)
at com.Commonutills.file.Read_Write_Excel.appURL(Read_Write_Excel.java:22)
at com.TestNGScript.file.SafetyKuvrrHomePageMenu.launchApp(SafetyKuvrrHomePageMenu.java:27)
at java.util.concurrent.ThreadPoolExecutor.runWorker(ThreadPoolExecutor.java:1149)
at java.util.concurrent.ThreadPoolExecutor$Worker.run(ThreadPoolExecutor.java:624)
at java.lang.Thread.run(Thread.java:748)
... Removed 13 stack frames]]>
    </failure>
  </testcase> <!-- @BeforeMethod launchApp -->
  <testcase name="@BeforeMethod launchSKApp" time="16.4" classname="com.TestNGScript.file.SafetyKuvrrBroadcast">
    <failure type="java.io.FileNotFoundException" message="C:\Users\Chandan\git\SeleniumMaven7th-Feb\InputExcelData\TestData.xlsx (The system cannot find the path specified)">
      <![CDATA[java.io.FileNotFoundException: C:\Users\Chandan\git\SeleniumMaven7th-Feb\InputExcelData\TestData.xlsx (The system cannot find the path specified)
at java.io.FileInputStream.open0(Native Method)
at java.io.FileInputStream.open(FileInputStream.java:195)
at java.io.FileInputStream.<init>(FileInputStream.java:138)
at com.Commonutills.file.Read_Write_Excel.appURL(Read_Write_Excel.java:22)
at com.TestNGScript.file.SafetyKuvrrBroadcast.launchSKApp(SafetyKuvrrBroadcast.java:25)
at java.util.concurrent.ThreadPoolExecutor.runWorker(ThreadPoolExecutor.java:1149)
at java.util.concurrent.ThreadPoolExecutor$Worker.run(ThreadPoolExecutor.java:624)
at java.lang.Thread.run(Thread.java:748)
... Removed 13 stack frames]]>
    </failure>
  </testcase> <!-- @BeforeMethod launchSKApp -->
  <testcase name="@AfterMethod closeBrowser" time="0.0" classname="com.TestNGScript.file.SafetyKuvrrBroadcast">
    <skipped/>
  </testcase> <!-- @AfterMethod closeBrowser -->
  <testcase name="TestLoginSafetyKuvrr" time="0.0" classname="com.TestNGScript.file.LoginSafetyKuvrr">
    <skipped/>
  </testcase> <!-- TestLoginSafetyKuvrr -->
  <testcase name="TestHambugerMenuClick" time="0.0" classname="com.TestNGScript.file.SafetyKuvrrHomePageMenu">
    <skipped/>
  </testcase> <!-- TestHambugerMenuClick -->
  <testcase name="launchSafetyApp" time="0.0" classname="com.TestNGScript.file.SafetyKuvrrBroadcast">
    <skipped/>
  </testcase> <!-- launchSafetyApp -->
</testsuite> <!-- Test -->
