<?xml version="1.0" encoding="UTF-8"?>
<!-- Generated by org.testng.reporters.JUnitXMLReporter -->
<testsuite hostname="Chandan" ignored="0" name="Test" tests="3" failures="0" timestamp="29 May 2019 11:14:47 GMT" time="105.207" errors="0">
  <testcase name="TestLoginSafetyKuvrr" time="9.362" classname="com.TestNGScript.file.LoginSafetyKuvrr"/>
  <testcase name="launchSafetyApp" time="16.099" classname="com.TestNGScript.file.SafetyKuvrrBroadcast"/>
  <testcase name="TestHambugerMenuClick" time="12.282" classname="com.TestNGScript.file.SafetyKuvrrHomePageMenu"/>
</testsuite> <!-- Test -->
